2026-01-21T20:27:29.534004Z  INFO tailwindcss_oxide::scanner: Provided sources:
2026-01-21T20:27:29.534113Z  INFO tailwindcss_oxide::scanner: Source: PublicSourceEntry { base: "/home/ec2-user/webexwebex-event-admin", pattern: "**/*", negated: false }
2026-01-21T20:27:29.534191Z  INFO tailwindcss_oxide::scanner: Optimized sources:
2026-01-21T20:27:29.534214Z  INFO tailwindcss_oxide::scanner: Source: Auto { base: "/home/ec2-user/webexwebex-event-admin" }
2026-01-21T20:27:29.535976Z  INFO scan_sources: tailwindcss_oxide::scanner: enter
2026-01-21T20:27:29.536565Z  INFO scan_sources: tailwindcss_oxide::scanner: Discovering "/home/ec2-user/webexwebex-event-admin/README.md"
2026-01-21T20:27:29.536607Z  INFO scan_sources: tailwindcss_oxide::scanner: Discovering "/home/ec2-user/webexwebex-event-admin/docs"
2026-01-21T20:27:29.536657Z  INFO scan_sources: tailwindcss_oxide::scanner: Discovering "/home/ec2-user/webexwebex-event-admin/docs/event_host_control_platform_prd.md"
2026-01-21T20:27:29.536687Z  INFO scan_sources: tailwindcss_oxide::scanner: Discovering "/home/ec2-user/webexwebex-event-admin/eslint.config.mjs"
2026-01-21T20:27:29.536711Z  INFO scan_sources: tailwindcss_oxide::scanner: Discovering "/home/ec2-user/webexwebex-event-admin/next.config.ts"
2026-01-21T20:27:29.536729Z  INFO scan_sources: tailwindcss_oxide::scanner: Discovering "/home/ec2-user/webexwebex-event-admin/postcss.config.mjs"
2026-01-21T20:27:29.536754Z  INFO scan_sources: tailwindcss_oxide::scanner: Discovering "/home/ec2-user/webexwebex-event-admin/prisma"
2026-01-21T20:27:29.536795Z  INFO scan_sources: tailwindcss_oxide::scanner: Discovering "/home/ec2-user/webexwebex-event-admin/prisma/migrations"
2026-01-21T20:27:29.536837Z  INFO scan_sources: tailwindcss_oxide::scanner: Discovering "/home/ec2-user/webexwebex-event-admin/prisma/migrations/20260120213938_migrate1"
2026-01-21T20:27:29.536889Z  INFO scan_sources: tailwindcss_oxide::scanner: Discovering "/home/ec2-user/webexwebex-event-admin/prisma/migrations/20260120213938_migrate1/migration.sql"
2026-01-21T20:27:29.536913Z  INFO scan_sources: tailwindcss_oxide::scanner: Discovering "/home/ec2-user/webexwebex-event-admin/prisma/migrations/migration_lock.toml"
2026-01-21T20:27:29.536937Z  INFO scan_sources: tailwindcss_oxide::scanner: Discovering "/home/ec2-user/webexwebex-event-admin/prisma/migrations/20260121194049_migration2"
2026-01-21T20:27:29.536972Z  INFO scan_sources: tailwindcss_oxide::scanner: Discovering "/home/ec2-user/webexwebex-event-admin/prisma/migrations/20260121194049_migration2/migration.sql"
2026-01-21T20:27:29.537000Z  INFO scan_sources: tailwindcss_oxide::scanner: Discovering "/home/ec2-user/webexwebex-event-admin/prisma/migrations/20260121201955_migration3"
2026-01-21T20:27:29.537034Z  INFO scan_sources: tailwindcss_oxide::scanner: Discovering "/home/ec2-user/webexwebex-event-admin/prisma/migrations/20260121201955_migration3/migration.sql"
2026-01-21T20:27:29.537061Z  INFO scan_sources: tailwindcss_oxide::scanner: Discovering "/home/ec2-user/webexwebex-event-admin/prisma/seed.ts"
2026-01-21T20:27:29.537080Z  INFO scan_sources: tailwindcss_oxide::scanner: Discovering "/home/ec2-user/webexwebex-event-admin/prisma/schema.prisma"
2026-01-21T20:27:29.537106Z  INFO scan_sources: tailwindcss_oxide::scanner: Discovering "/home/ec2-user/webexwebex-event-admin/public"
2026-01-21T20:27:29.537140Z  INFO scan_sources: tailwindcss_oxide::scanner: Discovering "/home/ec2-user/webexwebex-event-admin/public/file.svg"
2026-01-21T20:27:29.537160Z  INFO scan_sources: tailwindcss_oxide::scanner: Discovering "/home/ec2-user/webexwebex-event-admin/public/globe.svg"
2026-01-21T20:27:29.537180Z  INFO scan_sources: tailwindcss_oxide::scanner: Discovering "/home/ec2-user/webexwebex-event-admin/public/next.svg"
2026-01-21T20:27:29.537202Z  INFO scan_sources: tailwindcss_oxide::scanner: Discovering "/home/ec2-user/webexwebex-event-admin/public/vercel.svg"
2026-01-21T20:27:29.537218Z  INFO scan_sources: tailwindcss_oxide::scanner: Discovering "/home/ec2-user/webexwebex-event-admin/public/window.svg"
2026-01-21T20:27:29.537245Z  INFO scan_sources: tailwindcss_oxide::scanner: Discovering "/home/ec2-user/webexwebex-event-admin/src"
2026-01-21T20:27:29.537301Z  INFO scan_sources: tailwindcss_oxide::scanner: Discovering "/home/ec2-user/webexwebex-event-admin/src/app"
2026-01-21T20:27:29.537345Z  INFO scan_sources: tailwindcss_oxide::scanner: Discovering "/home/ec2-user/webexwebex-event-admin/src/app/api"
2026-01-21T20:27:29.537387Z  INFO scan_sources: tailwindcss_oxide::scanner: Discovering "/home/ec2-user/webexwebex-event-admin/src/app/api/auth"
2026-01-21T20:27:29.537434Z  INFO scan_sources: tailwindcss_oxide::scanner: Discovering "/home/ec2-user/webexwebex-event-admin/src/app/api/auth/[...nextauth]"
2026-01-21T20:27:29.537480Z  INFO scan_sources: tailwindcss_oxide::scanner: Discovering "/home/ec2-user/webexwebex-event-admin/src/app/api/auth/[...nextauth]/route.ts"
2026-01-21T20:27:29.537518Z  INFO scan_sources: tailwindcss_oxide::scanner: Discovering "/home/ec2-user/webexwebex-event-admin/src/app/api/me"
2026-01-21T20:27:29.537555Z  INFO scan_sources: tailwindcss_oxide::scanner: Discovering "/home/ec2-user/webexwebex-event-admin/src/app/api/me/route.ts"
2026-01-21T20:27:29.537590Z  INFO scan_sources: tailwindcss_oxide::scanner: Discovering "/home/ec2-user/webexwebex-event-admin/src/app/api/tenants"
2026-01-21T20:27:29.537632Z  INFO scan_sources: tailwindcss_oxide::scanner: Discovering "/home/ec2-user/webexwebex-event-admin/src/app/api/tenants/[tenantId]"
2026-01-21T20:27:29.537671Z  INFO scan_sources: tailwindcss_oxide::scanner: Discovering "/home/ec2-user/webexwebex-event-admin/src/app/api/tenants/[tenantId]/route.ts"
2026-01-21T20:27:29.537695Z  INFO scan_sources: tailwindcss_oxide::scanner: Discovering "/home/ec2-user/webexwebex-event-admin/src/app/api/tenants/route.ts"
2026-01-21T20:27:29.537728Z  INFO scan_sources: tailwindcss_oxide::scanner: Discovering "/home/ec2-user/webexwebex-event-admin/src/app/api/uploads"
2026-01-21T20:27:29.537772Z  INFO scan_sources: tailwindcss_oxide::scanner: Discovering "/home/ec2-user/webexwebex-event-admin/src/app/api/uploads/complete"
2026-01-21T20:27:29.537811Z  INFO scan_sources: tailwindcss_oxide::scanner: Discovering "/home/ec2-user/webexwebex-event-admin/src/app/api/uploads/complete/route.ts"
2026-01-21T20:27:29.537842Z  INFO scan_sources: tailwindcss_oxide::scanner: Discovering "/home/ec2-user/webexwebex-event-admin/src/app/api/uploads/presign"
2026-01-21T20:27:29.537879Z  INFO scan_sources: tailwindcss_oxide::scanner: Discovering "/home/ec2-user/webexwebex-event-admin/src/app/api/uploads/presign/route.ts"
2026-01-21T20:27:29.537917Z  INFO scan_sources: tailwindcss_oxide::scanner: Discovering "/home/ec2-user/webexwebex-event-admin/src/app/api/users"
2026-01-21T20:27:29.537955Z  INFO scan_sources: tailwindcss_oxide::scanner: Discovering "/home/ec2-user/webexwebex-event-admin/src/app/api/users/route.ts"
2026-01-21T20:27:29.537988Z  INFO scan_sources: tailwindcss_oxide::scanner: Discovering "/home/ec2-user/webexwebex-event-admin/src/app/auth"
2026-01-21T20:27:29.538033Z  INFO scan_sources: tailwindcss_oxide::scanner: Discovering "/home/ec2-user/webexwebex-event-admin/src/app/auth/signin"
2026-01-21T20:27:29.538072Z  INFO scan_sources: tailwindcss_oxide::scanner: Discovering "/home/ec2-user/webexwebex-event-admin/src/app/auth/signin/page.tsx"
2026-01-21T20:27:29.538110Z  INFO scan_sources: tailwindcss_oxide::scanner: Discovering "/home/ec2-user/webexwebex-event-admin/src/app/dashboard"
2026-01-21T20:27:29.538151Z  INFO scan_sources: tailwindcss_oxide::scanner: Discovering "/home/ec2-user/webexwebex-event-admin/src/app/dashboard/admin"
2026-01-21T20:27:29.538186Z  INFO scan_sources: tailwindcss_oxide::scanner: Discovering "/home/ec2-user/webexwebex-event-admin/src/app/dashboard/admin/page.tsx"
2026-01-21T20:27:29.538214Z  INFO scan_sources: tailwindcss_oxide::scanner: Discovering "/home/ec2-user/webexwebex-event-admin/src/app/dashboard/page.tsx"
2026-01-21T20:27:29.538240Z  INFO scan_sources: tailwindcss_oxide::scanner: Discovering "/home/ec2-user/webexwebex-event-admin/src/app/dashboard/superadmin"
2026-01-21T20:27:29.538281Z  INFO scan_sources: tailwindcss_oxide::scanner: Discovering "/home/ec2-user/webexwebex-event-admin/src/app/dashboard/superadmin/page.tsx"
2026-01-21T20:27:29.538314Z  INFO scan_sources: tailwindcss_oxide::scanner: Discovering "/home/ec2-user/webexwebex-event-admin/src/app/globals.css"
2026-01-21T20:27:29.538338Z  INFO scan_sources: tailwindcss_oxide::scanner: Discovering "/home/ec2-user/webexwebex-event-admin/src/app/page.tsx"
2026-01-21T20:27:29.538355Z  INFO scan_sources: tailwindcss_oxide::scanner: Discovering "/home/ec2-user/webexwebex-event-admin/src/app/providers.tsx"
2026-01-21T20:27:29.538386Z  INFO scan_sources: tailwindcss_oxide::scanner: Discovering "/home/ec2-user/webexwebex-event-admin/src/app/unauthorized"
2026-01-21T20:27:29.538424Z  INFO scan_sources: tailwindcss_oxide::scanner: Discovering "/home/ec2-user/webexwebex-event-admin/src/app/unauthorized/page.tsx"
2026-01-21T20:27:29.538449Z  INFO scan_sources: tailwindcss_oxide::scanner: Discovering "/home/ec2-user/webexwebex-event-admin/src/app/layout.tsx"
2026-01-21T20:27:29.538482Z  INFO scan_sources: tailwindcss_oxide::scanner: Discovering "/home/ec2-user/webexwebex-event-admin/src/components"
2026-01-21T20:27:29.538520Z  INFO scan_sources: tailwindcss_oxide::scanner: Discovering "/home/ec2-user/webexwebex-event-admin/src/components/auth-buttons.tsx"
2026-01-21T20:27:29.538540Z  INFO scan_sources: tailwindcss_oxide::scanner: Discovering "/home/ec2-user/webexwebex-event-admin/src/components/site-header.tsx"
2026-01-21T20:27:29.538571Z  INFO scan_sources: tailwindcss_oxide::scanner: Discovering "/home/ec2-user/webexwebex-event-admin/src/lib"
2026-01-21T20:27:29.538607Z  INFO scan_sources: tailwindcss_oxide::scanner: Discovering "/home/ec2-user/webexwebex-event-admin/src/lib/api-guards.ts"
2026-01-21T20:27:29.538626Z  INFO scan_sources: tailwindcss_oxide::scanner: Discovering "/home/ec2-user/webexwebex-event-admin/src/lib/guards.ts"
2026-01-21T20:27:29.538646Z  INFO scan_sources: tailwindcss_oxide::scanner: Discovering "/home/ec2-user/webexwebex-event-admin/src/lib/rbac.ts"
2026-01-21T20:27:29.538665Z  INFO scan_sources: tailwindcss_oxide::scanner: Discovering "/home/ec2-user/webexwebex-event-admin/src/lib/s3.ts"
2026-01-21T20:27:29.538697Z  INFO scan_sources: tailwindcss_oxide::scanner: Discovering "/home/ec2-user/webexwebex-event-admin/src/lib/session.ts"
2026-01-21T20:27:29.538712Z  INFO scan_sources: tailwindcss_oxide::scanner: Discovering "/home/ec2-user/webexwebex-event-admin/src/lib/short-id.ts"
2026-01-21T20:27:29.538728Z  INFO scan_sources: tailwindcss_oxide::scanner: Discovering "/home/ec2-user/webexwebex-event-admin/src/lib/prisma-adapter.ts"
2026-01-21T20:27:29.538745Z  INFO scan_sources: tailwindcss_oxide::scanner: Discovering "/home/ec2-user/webexwebex-event-admin/src/lib/prisma.ts"
2026-01-21T20:27:29.538762Z  INFO scan_sources: tailwindcss_oxide::scanner: Discovering "/home/ec2-user/webexwebex-event-admin/src/lib/user-short-id.ts"
2026-01-21T20:27:29.538778Z  INFO scan_sources: tailwindcss_oxide::scanner: Discovering "/home/ec2-user/webexwebex-event-admin/src/lib/auth.ts"
2026-01-21T20:27:29.538793Z  INFO scan_sources: tailwindcss_oxide::scanner: Discovering "/home/ec2-user/webexwebex-event-admin/src/lib/webex-provider.ts"
2026-01-21T20:27:29.538852Z  INFO scan_sources: tailwindcss_oxide::scanner: Discovering "/home/ec2-user/webexwebex-event-admin/src/types"
2026-01-21T20:27:29.538905Z  INFO scan_sources: tailwindcss_oxide::scanner: Discovering "/home/ec2-user/webexwebex-event-admin/src/types/next-auth.d.ts"
2026-01-21T20:27:29.538934Z  INFO scan_sources: tailwindcss_oxide::scanner: Discovering "/home/ec2-user/webexwebex-event-admin/tsconfig.json"
2026-01-21T20:27:29.539007Z  INFO scan_sources: tailwindcss_oxide::scanner: Discovering "/home/ec2-user/webexwebex-event-admin/package.json"
2026-01-21T20:27:29.539023Z  INFO scan_sources: tailwindcss_oxide::scanner: Discovering "/home/ec2-user/webexwebex-event-admin/prisma.config.ts"
2026-01-21T20:27:29.539040Z  INFO scan_sources: tailwindcss_oxide::scanner: Discovering "/home/ec2-user/webexwebex-event-admin/t"
2026-01-21T20:27:29.539061Z  INFO scan_sources: tailwindcss_oxide::scanner: Discovering "/home/ec2-user/webexwebex-event-admin/srcenv"
2026-01-21T20:27:29.539227Z  INFO scan_sources: tailwindcss_oxide::scanner: exit
2026-01-21T20:27:29.539249Z  INFO extract_candidates: tailwindcss_oxide::scanner: enter
2026-01-21T20:27:29.539272Z  INFO extract_candidates:read_all_files: tailwindcss_oxide::scanner: enter
2026-01-21T20:27:29.539281Z  INFO extract_candidates:read_all_files: tailwindcss_oxide::scanner: Reading 50 file(s)
2026-01-21T20:27:29.539690Z  INFO tailwindcss_oxide::scanner: Reading "/home/ec2-user/webexwebex-event-admin/README.md"
2026-01-21T20:27:29.539734Z  INFO tailwindcss_oxide::scanner: Reading "/home/ec2-user/webexwebex-event-admin/src/app/dashboard/page.tsx"
2026-01-21T20:27:29.539866Z  INFO tailwindcss_oxide::scanner: Reading "/home/ec2-user/webexwebex-event-admin/src/app/dashboard/superadmin/page.tsx"
2026-01-21T20:27:29.540048Z  INFO tailwindcss_oxide::scanner: Reading "/home/ec2-user/webexwebex-event-admin/src/app/page.tsx"
2026-01-21T20:27:29.540109Z  INFO tailwindcss_oxide::scanner: Reading "/home/ec2-user/webexwebex-event-admin/src/app/providers.tsx"
2026-01-21T20:27:29.539902Z  INFO tailwindcss_oxide::scanner: Reading "/home/ec2-user/webexwebex-event-admin/docs/event_host_control_platform_prd.md"
2026-01-21T20:27:29.540306Z  INFO tailwindcss_oxide::scanner: Reading "/home/ec2-user/webexwebex-event-admin/eslint.config.mjs"
2026-01-21T20:27:29.540325Z  INFO tailwindcss_oxide::scanner: Reading "/home/ec2-user/webexwebex-event-admin/next.config.ts"
2026-01-21T20:27:29.540342Z  INFO tailwindcss_oxide::scanner: Reading "/home/ec2-user/webexwebex-event-admin/postcss.config.mjs"
2026-01-21T20:27:29.540359Z  INFO tailwindcss_oxide::scanner: Reading "/home/ec2-user/webexwebex-event-admin/prisma/migrations/20260120213938_migrate1/migration.sql"
2026-01-21T20:27:29.540385Z  INFO tailwindcss_oxide::scanner: Reading "/home/ec2-user/webexwebex-event-admin/prisma/migrations/migration_lock.toml"
2026-01-21T20:27:29.540401Z  INFO tailwindcss_oxide::scanner: Reading "/home/ec2-user/webexwebex-event-admin/prisma/migrations/20260121194049_migration2/migration.sql"
2026-01-21T20:27:29.540420Z  INFO tailwindcss_oxide::scanner: Reading "/home/ec2-user/webexwebex-event-admin/prisma/migrations/20260121201955_migration3/migration.sql"
2026-01-21T20:27:29.540440Z  INFO tailwindcss_oxide::scanner: Reading "/home/ec2-user/webexwebex-event-admin/prisma/seed.ts"
2026-01-21T20:27:29.540462Z  INFO tailwindcss_oxide::scanner: Reading "/home/ec2-user/webexwebex-event-admin/prisma/schema.prisma"
2026-01-21T20:27:29.540479Z  INFO tailwindcss_oxide::scanner: Reading "/home/ec2-user/webexwebex-event-admin/public/file.svg"
2026-01-21T20:27:29.540494Z  INFO tailwindcss_oxide::scanner: Reading "/home/ec2-user/webexwebex-event-admin/public/globe.svg"
2026-01-21T20:27:29.540508Z  INFO tailwindcss_oxide::scanner: Reading "/home/ec2-user/webexwebex-event-admin/public/next.svg"
2026-01-21T20:27:29.540523Z  INFO tailwindcss_oxide::scanner: Reading "/home/ec2-user/webexwebex-event-admin/public/vercel.svg"
2026-01-21T20:27:29.540538Z  INFO tailwindcss_oxide::scanner: Reading "/home/ec2-user/webexwebex-event-admin/public/window.svg"
2026-01-21T20:27:29.540556Z  INFO tailwindcss_oxide::scanner: Reading "/home/ec2-user/webexwebex-event-admin/src/app/api/auth/[...nextauth]/route.ts"
2026-01-21T20:27:29.540573Z  INFO tailwindcss_oxide::scanner: Reading "/home/ec2-user/webexwebex-event-admin/src/app/api/me/route.ts"
2026-01-21T20:27:29.540593Z  INFO tailwindcss_oxide::scanner: Reading "/home/ec2-user/webexwebex-event-admin/src/app/api/tenants/[tenantId]/route.ts"
2026-01-21T20:27:29.540614Z  INFO tailwindcss_oxide::scanner: Reading "/home/ec2-user/webexwebex-event-admin/src/app/api/tenants/route.ts"
2026-01-21T20:27:29.540636Z  INFO tailwindcss_oxide::scanner: Reading "/home/ec2-user/webexwebex-event-admin/src/app/api/uploads/complete/route.ts"
2026-01-21T20:27:29.540666Z  INFO tailwindcss_oxide::scanner: Reading "/home/ec2-user/webexwebex-event-admin/src/app/api/uploads/presign/route.ts"
2026-01-21T20:27:29.540693Z  INFO tailwindcss_oxide::scanner: Reading "/home/ec2-user/webexwebex-event-admin/src/app/api/users/route.ts"
2026-01-21T20:27:29.540713Z  INFO tailwindcss_oxide::scanner: Reading "/home/ec2-user/webexwebex-event-admin/src/app/auth/signin/page.tsx"
2026-01-21T20:27:29.540731Z  INFO tailwindcss_oxide::scanner: Reading "/home/ec2-user/webexwebex-event-admin/src/app/dashboard/admin/page.tsx"
2026-01-21T20:27:29.540755Z  INFO tailwindcss_oxide::scanner: Reading "/home/ec2-user/webexwebex-event-admin/src/lib/session.ts"
2026-01-21T20:27:29.540771Z  INFO tailwindcss_oxide::scanner: Reading "/home/ec2-user/webexwebex-event-admin/src/lib/short-id.ts"
2026-01-21T20:27:29.540790Z  INFO tailwindcss_oxide::scanner: Reading "/home/ec2-user/webexwebex-event-admin/src/lib/prisma-adapter.ts"
2026-01-21T20:27:29.540809Z  INFO tailwindcss_oxide::scanner: Reading "/home/ec2-user/webexwebex-event-admin/src/lib/prisma.ts"
2026-01-21T20:27:29.540828Z  INFO tailwindcss_oxide::scanner: Reading "/home/ec2-user/webexwebex-event-admin/src/lib/user-short-id.ts"
2026-01-21T20:27:29.540844Z  INFO tailwindcss_oxide::scanner: Reading "/home/ec2-user/webexwebex-event-admin/src/lib/auth.ts"
2026-01-21T20:27:29.540863Z  INFO tailwindcss_oxide::scanner: Reading "/home/ec2-user/webexwebex-event-admin/src/lib/webex-provider.ts"
2026-01-21T20:27:29.540879Z  INFO tailwindcss_oxide::scanner: Reading "/home/ec2-user/webexwebex-event-admin/src/types/next-auth.d.ts"
2026-01-21T20:27:29.540895Z  INFO tailwindcss_oxide::scanner: Reading "/home/ec2-user/webexwebex-event-admin/tsconfig.json"
2026-01-21T20:27:29.540914Z  INFO tailwindcss_oxide::scanner: Reading "/home/ec2-user/webexwebex-event-admin/package.json"
2026-01-21T20:27:29.540937Z  INFO tailwindcss_oxide::scanner: Reading "/home/ec2-user/webexwebex-event-admin/prisma.config.ts"
2026-01-21T20:27:29.540953Z  INFO tailwindcss_oxide::scanner: Reading "/home/ec2-user/webexwebex-event-admin/t"
2026-01-21T20:27:29.540971Z  INFO tailwindcss_oxide::scanner: Reading "/home/ec2-user/webexwebex-event-admin/srcenv"
2026-01-21T20:27:29.540992Z  INFO tailwindcss_oxide::scanner: Reading "/home/ec2-user/webexwebex-event-admin/src/components/auth-buttons.tsx"
2026-01-21T20:27:29.541013Z  INFO tailwindcss_oxide::scanner: Reading "/home/ec2-user/webexwebex-event-admin/src/components/site-header.tsx"
2026-01-21T20:27:29.541029Z  INFO tailwindcss_oxide::scanner: Reading "/home/ec2-user/webexwebex-event-admin/src/lib/api-guards.ts"
2026-01-21T20:27:29.541045Z  INFO tailwindcss_oxide::scanner: Reading "/home/ec2-user/webexwebex-event-admin/src/lib/guards.ts"
2026-01-21T20:27:29.541064Z  INFO tailwindcss_oxide::scanner: Reading "/home/ec2-user/webexwebex-event-admin/src/lib/rbac.ts"
2026-01-21T20:27:29.541085Z  INFO tailwindcss_oxide::scanner: Reading "/home/ec2-user/webexwebex-event-admin/src/lib/s3.ts"
2026-01-21T20:27:29.540249Z  INFO tailwindcss_oxide::scanner: Reading "/home/ec2-user/webexwebex-event-admin/src/app/unauthorized/page.tsx"
2026-01-21T20:27:29.541114Z  INFO tailwindcss_oxide::scanner: Reading "/home/ec2-user/webexwebex-event-admin/src/app/layout.tsx"
2026-01-21T20:27:29.541154Z  INFO extract_candidates:read_all_files: tailwindcss_oxide::scanner: exit
2026-01-21T20:27:29.541168Z  INFO extract_candidates:parse_all_blobs: tailwindcss_oxide::scanner: enter
2026-01-21T20:27:29.541174Z  INFO extract_candidates:parse_all_blobs:extract: tailwindcss_oxide::scanner: enter
2026-01-21T20:27:29.542898Z  INFO extract_candidates:parse_all_blobs:extract: tailwindcss_oxide::scanner: exit
2026-01-21T20:27:29.542925Z  INFO extract_candidates:parse_all_blobs: tailwindcss_oxide::scanner: exit
2026-01-21T20:27:29.542933Z  INFO extract_candidates:read_all_files: tailwindcss_oxide::scanner: enter
2026-01-21T20:27:29.542939Z  INFO extract_candidates:read_all_files: tailwindcss_oxide::scanner: Reading 1 file(s)
2026-01-21T20:27:29.542968Z  INFO extract_candidates:read_all_files: tailwindcss_oxide::scanner: Reading "/home/ec2-user/webexwebex-event-admin/src/app/globals.css"
2026-01-21T20:27:29.542986Z  INFO extract_candidates:read_all_files: tailwindcss_oxide::scanner: exit
2026-01-21T20:27:29.542992Z  INFO extract_candidates:extract_css_variables: tailwindcss_oxide::scanner: enter
2026-01-21T20:27:29.542997Z  INFO extract_candidates:extract_css_variables:extract: tailwindcss_oxide::scanner: enter
2026-01-21T20:27:29.543123Z  INFO extract_candidates:extract_css_variables:extract: tailwindcss_oxide::scanner: exit
2026-01-21T20:27:29.543137Z  INFO extract_candidates:extract_css_variables: tailwindcss_oxide::scanner: exit
2026-01-21T20:27:29.543354Z  INFO extract_candidates: tailwindcss_oxide::scanner: exit
2026-01-21T20:27:29.543777Z  INFO get_files: tailwindcss_oxide::scanner: enter
2026-01-21T20:27:29.543796Z  INFO get_files:scan_sources: tailwindcss_oxide::scanner: enter
2026-01-21T20:27:29.544403Z  INFO get_files:scan_sources: tailwindcss_oxide::scanner: Discovering "/home/ec2-user/webexwebex-event-admin/docs"
2026-01-21T20:27:29.544518Z  INFO get_files:scan_sources: tailwindcss_oxide::scanner: Discovering "/home/ec2-user/webexwebex-event-admin/prisma"
2026-01-21T20:27:29.544566Z  INFO get_files:scan_sources: tailwindcss_oxide::scanner: Discovering "/home/ec2-user/webexwebex-event-admin/prisma/migrations"
2026-01-21T20:27:29.544612Z  INFO get_files:scan_sources: tailwindcss_oxide::scanner: Discovering "/home/ec2-user/webexwebex-event-admin/prisma/migrations/20260120213938_migrate1"
2026-01-21T20:27:29.544691Z  INFO get_files:scan_sources: tailwindcss_oxide::scanner: Discovering "/home/ec2-user/webexwebex-event-admin/prisma/migrations/20260121194049_migration2"
2026-01-21T20:27:29.544751Z  INFO get_files:scan_sources: tailwindcss_oxide::scanner: Discovering "/home/ec2-user/webexwebex-event-admin/prisma/migrations/20260121201955_migration3"
2026-01-21T20:27:29.544841Z  INFO get_files:scan_sources: tailwindcss_oxide::scanner: Discovering "/home/ec2-user/webexwebex-event-admin/public"
2026-01-21T20:27:29.544941Z  INFO get_files:scan_sources: tailwindcss_oxide::scanner: Discovering "/home/ec2-user/webexwebex-event-admin/src"
2026-01-21T20:27:29.544990Z  INFO get_files:scan_sources: tailwindcss_oxide::scanner: Discovering "/home/ec2-user/webexwebex-event-admin/src/app"
2026-01-21T20:27:29.545032Z  INFO get_files:scan_sources: tailwindcss_oxide::scanner: Discovering "/home/ec2-user/webexwebex-event-admin/src/app/api"
2026-01-21T20:27:29.545077Z  INFO get_files:scan_sources: tailwindcss_oxide::scanner: Discovering "/home/ec2-user/webexwebex-event-admin/src/app/api/auth"
2026-01-21T20:27:29.545124Z  INFO get_files:scan_sources: tailwindcss_oxide::scanner: Discovering "/home/ec2-user/webexwebex-event-admin/src/app/api/auth/[...nextauth]"
2026-01-21T20:27:29.545195Z  INFO get_files:scan_sources: tailwindcss_oxide::scanner: Discovering "/home/ec2-user/webexwebex-event-admin/src/app/api/me"
2026-01-21T20:27:29.545253Z  INFO get_files:scan_sources: tailwindcss_oxide::scanner: Discovering "/home/ec2-user/webexwebex-event-admin/src/app/api/tenants"
2026-01-21T20:27:29.545303Z  INFO get_files:scan_sources: tailwindcss_oxide::scanner: Discovering "/home/ec2-user/webexwebex-event-admin/src/app/api/tenants/[tenantId]"
2026-01-21T20:27:29.545379Z  INFO get_files:scan_sources: tailwindcss_oxide::scanner: Discovering "/home/ec2-user/webexwebex-event-admin/src/app/api/uploads"
2026-01-21T20:27:29.545428Z  INFO get_files:scan_sources: tailwindcss_oxide::scanner: Discovering "/home/ec2-user/webexwebex-event-admin/src/app/api/uploads/complete"
2026-01-21T20:27:29.545485Z  INFO get_files:scan_sources: tailwindcss_oxide::scanner: Discovering "/home/ec2-user/webexwebex-event-admin/src/app/api/uploads/presign"
2026-01-21T20:27:29.545544Z  INFO get_files:scan_sources: tailwindcss_oxide::scanner: Discovering "/home/ec2-user/webexwebex-event-admin/src/app/api/users"
2026-01-21T20:27:29.545605Z  INFO get_files:scan_sources: tailwindcss_oxide::scanner: Discovering "/home/ec2-user/webexwebex-event-admin/src/app/auth"
2026-01-21T20:27:29.545647Z  INFO get_files:scan_sources: tailwindcss_oxide::scanner: Discovering "/home/ec2-user/webexwebex-event-admin/src/app/auth/signin"
2026-01-21T20:27:29.545727Z  INFO get_files:scan_sources: tailwindcss_oxide::scanner: Discovering "/home/ec2-user/webexwebex-event-admin/src/app/dashboard"
2026-01-21T20:27:29.545772Z  INFO get_files:scan_sources: tailwindcss_oxide::scanner: Discovering "/home/ec2-user/webexwebex-event-admin/src/app/dashboard/admin"
2026-01-21T20:27:29.545837Z  INFO get_files:scan_sources: tailwindcss_oxide::scanner: Discovering "/home/ec2-user/webexwebex-event-admin/src/app/dashboard/superadmin"
2026-01-21T20:27:29.545937Z  INFO get_files:scan_sources: tailwindcss_oxide::scanner: Discovering "/home/ec2-user/webexwebex-event-admin/src/app/unauthorized"
2026-01-21T20:27:29.546012Z  INFO get_files:scan_sources: tailwindcss_oxide::scanner: Discovering "/home/ec2-user/webexwebex-event-admin/src/components"
2026-01-21T20:27:29.546079Z  INFO get_files:scan_sources: tailwindcss_oxide::scanner: Discovering "/home/ec2-user/webexwebex-event-admin/src/lib"
2026-01-21T20:27:29.546218Z  INFO get_files:scan_sources: tailwindcss_oxide::scanner: Discovering "/home/ec2-user/webexwebex-event-admin/src/types"
2026-01-21T20:27:29.546472Z  INFO get_files:scan_sources: tailwindcss_oxide::scanner: exit
2026-01-21T20:27:29.546658Z  INFO get_files: tailwindcss_oxide::scanner: exit
2026-01-21T20:27:29.546980Z  INFO get_globs: tailwindcss_oxide::scanner: enter
2026-01-21T20:27:29.547066Z  INFO get_globs:scan_sources: tailwindcss_oxide::scanner: enter
2026-01-21T20:27:29.547627Z  INFO get_globs:scan_sources: tailwindcss_oxide::scanner: Discovering "/home/ec2-user/webexwebex-event-admin/docs"
2026-01-21T20:27:29.547830Z  INFO get_globs:scan_sources: tailwindcss_oxide::scanner: Discovering "/home/ec2-user/webexwebex-event-admin/prisma"
2026-01-21T20:27:29.547889Z  INFO get_globs:scan_sources: tailwindcss_oxide::scanner: Discovering "/home/ec2-user/webexwebex-event-admin/prisma/migrations"
2026-01-21T20:27:29.547953Z  INFO get_globs:scan_sources: tailwindcss_oxide::scanner: Discovering "/home/ec2-user/webexwebex-event-admin/prisma/migrations/20260120213938_migrate1"
2026-01-21T20:27:29.548054Z  INFO get_globs:scan_sources: tailwindcss_oxide::scanner: Discovering "/home/ec2-user/webexwebex-event-admin/prisma/migrations/20260121194049_migration2"
2026-01-21T20:27:29.548144Z  INFO get_globs:scan_sources: tailwindcss_oxide::scanner: Discovering "/home/ec2-user/webexwebex-event-admin/prisma/migrations/20260121201955_migration3"
2026-01-21T20:27:29.548251Z  INFO get_globs:scan_sources: tailwindcss_oxide::scanner: Discovering "/home/ec2-user/webexwebex-event-admin/public"
2026-01-21T20:27:29.548376Z  INFO get_globs:scan_sources: tailwindcss_oxide::scanner: Discovering "/home/ec2-user/webexwebex-event-admin/src"
2026-01-21T20:27:29.548434Z  INFO get_globs:scan_sources: tailwindcss_oxide::scanner: Discovering "/home/ec2-user/webexwebex-event-admin/src/app"
2026-01-21T20:27:29.548489Z  INFO get_globs:scan_sources: tailwindcss_oxide::scanner: Discovering "/home/ec2-user/webexwebex-event-admin/src/app/api"
2026-01-21T20:27:29.548566Z  INFO get_globs:scan_sources: tailwindcss_oxide::scanner: Discovering "/home/ec2-user/webexwebex-event-admin/src/app/api/auth"
2026-01-21T20:27:29.548661Z  INFO get_globs:scan_sources: tailwindcss_oxide::scanner: Discovering "/home/ec2-user/webexwebex-event-admin/src/app/api/auth/[...nextauth]"
2026-01-21T20:27:29.548750Z  INFO get_globs:scan_sources: tailwindcss_oxide::scanner: Discovering "/home/ec2-user/webexwebex-event-admin/src/app/api/me"
2026-01-21T20:27:29.548880Z  INFO get_globs:scan_sources: tailwindcss_oxide::scanner: Discovering "/home/ec2-user/webexwebex-event-admin/src/app/api/tenants"
2026-01-21T20:27:29.548963Z  INFO get_globs:scan_sources: tailwindcss_oxide::scanner: Discovering "/home/ec2-user/webexwebex-event-admin/src/app/api/tenants/[tenantId]"
2026-01-21T20:27:29.549056Z  INFO get_globs:scan_sources: tailwindcss_oxide::scanner: Discovering "/home/ec2-user/webexwebex-event-admin/src/app/api/uploads"
2026-01-21T20:27:29.549142Z  INFO get_globs:scan_sources: tailwindcss_oxide::scanner: Discovering "/home/ec2-user/webexwebex-event-admin/src/app/api/uploads/complete"
2026-01-21T20:27:29.549214Z  INFO get_globs:scan_sources: tailwindcss_oxide::scanner: Discovering "/home/ec2-user/webexwebex-event-admin/src/app/api/uploads/presign"
2026-01-21T20:27:29.549304Z  INFO get_globs:scan_sources: tailwindcss_oxide::scanner: Discovering "/home/ec2-user/webexwebex-event-admin/src/app/api/users"
2026-01-21T20:27:29.549378Z  INFO get_globs:scan_sources: tailwindcss_oxide::scanner: Discovering "/home/ec2-user/webexwebex-event-admin/src/app/auth"
2026-01-21T20:27:29.549430Z  INFO get_globs:scan_sources: tailwindcss_oxide::scanner: Discovering "/home/ec2-user/webexwebex-event-admin/src/app/auth/signin"
2026-01-21T20:27:29.549522Z  INFO get_globs:scan_sources: tailwindcss_oxide::scanner: Discovering "/home/ec2-user/webexwebex-event-admin/src/app/dashboard"
2026-01-21T20:27:29.549576Z  INFO get_globs:scan_sources: tailwindcss_oxide::scanner: Discovering "/home/ec2-user/webexwebex-event-admin/src/app/dashboard/admin"
2026-01-21T20:27:29.549675Z  INFO get_globs:scan_sources: tailwindcss_oxide::scanner: Discovering "/home/ec2-user/webexwebex-event-admin/src/app/dashboard/superadmin"
2026-01-21T20:27:29.549805Z  INFO get_globs:scan_sources: tailwindcss_oxide::scanner: Discovering "/home/ec2-user/webexwebex-event-admin/src/app/unauthorized"
2026-01-21T20:27:29.549905Z  INFO get_globs:scan_sources: tailwindcss_oxide::scanner: Discovering "/home/ec2-user/webexwebex-event-admin/src/components"
2026-01-21T20:27:29.549999Z  INFO get_globs:scan_sources: tailwindcss_oxide::scanner: Discovering "/home/ec2-user/webexwebex-event-admin/src/lib"
2026-01-21T20:27:29.550171Z  INFO get_globs:scan_sources: tailwindcss_oxide::scanner: Discovering "/home/ec2-user/webexwebex-event-admin/src/types"
2026-01-21T20:27:29.550435Z  INFO get_globs:scan_sources: tailwindcss_oxide::scanner: exit
2026-01-21T20:27:29.552188Z  INFO get_globs: tailwindcss_oxide::scanner: exit
